<?xml version="1.0" encoding="UTF-8"?>
<!-- Generated by org.testng.reporters.JUnitReportReporter -->
<testsuite hostname="DESKTOP-C1TU1OE" failures="0" tests="3" name="parameterTest.ParameterTest1" time="0.022" errors="0" timestamp="2023-06-05T18:05:13 IST" skipped="0">
  <testcase classname="parameterTest.ParameterTest1" name="loginTest" time="0.008"/>
  <system-out/>
  <testcase classname="parameterTest.ParameterTest1" name="loginTest" time="0.003"/>
  <system-out/>
  <testcase classname="parameterTest.ParameterTest1" name="loginTest" time="0.011"/>
  <system-out/>
</testsuite> <!-- parameterTest.ParameterTest1 -->
