<?xml version="1.0" encoding="UTF-8"?>
<!-- Generated by org.testng.reporters.JUnitReportReporter -->
<testsuite hostname="DESKTOP-C1TU1OE" failures="0" tests="3" name="parametrizationTests.SingleTestSingleDataProvider1" time="0.010" errors="0" timestamp="2023-06-06T16:22:05 IST" skipped="0">
  <testcase classname="parametrizationTests.SingleTestSingleDataProvider1" name="loginTest" time="0.007"/>
  <system-out/>
  <testcase classname="parametrizationTests.SingleTestSingleDataProvider1" name="loginTest" time="0.001"/>
  <system-out/>
  <testcase classname="parametrizationTests.SingleTestSingleDataProvider1" name="loginTest" time="0.002"/>
  <system-out/>
</testsuite> <!-- parametrizationTests.SingleTestSingleDataProvider1 -->
