<?xml version="1.0" encoding="UTF-8"?>
<!-- Generated by org.testng.reporters.JUnitReportReporter -->
<testsuite hostname="DESKTOP-C1TU1OE" failures="0" tests="4" name="annotationsTests.BeforeAndAfterClass2" time="0.036" errors="0" timestamp="2023-05-02T11:40:23 IST" skipped="0">
  <testcase classname="annotationsTests.BeforeAndAfterClass2" name="loginTest" time="0.018"/>
  <system-out/>
  <testcase classname="annotationsTests.BeforeAndAfterClass2" name="regTest" time="0.002"/>
  <system-out/>
  <testcase classname="annotationsTests.BeforeAndAfterClass2" name="bookingTest" time="0.008"/>
  <system-out/>
  <testcase classname="annotationsTests.BeforeAndAfterClass2" name="cancelTest" time="0.008"/>
  <system-out/>
</testsuite> <!-- annotationsTests.BeforeAndAfterClass2 -->
