<?xml version="1.0" encoding="UTF-8"?>
<!-- Generated by org.testng.reporters.JUnitReportReporter -->
<testsuite hostname="DESKTOP-C1TU1OE" failures="0" tests="4" name="keyWordTests.ReporterLogTest9" time="0.043" errors="0" timestamp="2023-06-05T16:22:36 IST" skipped="0">
  <testcase classname="keyWordTests.ReporterLogTest9" name="loginTest" time="0.037"/>
  <system-out>
    <![CDATA[---login enabled---]]>
  </system-out>
  <testcase classname="keyWordTests.ReporterLogTest9" name="regTest" time="0.003"/>
  <system-out>
    <![CDATA[---registration enabled---]]>
  </system-out>
  <testcase classname="keyWordTests.ReporterLogTest9" name="bookingTest" time="0.001"/>
  <system-out>
    <![CDATA[---booking enabled---]]>
  </system-out>
  <testcase classname="keyWordTests.ReporterLogTest9" name="cancelTest" time="0.002"/>
  <system-out>
    <![CDATA[---cancellation enabled---]]>
  </system-out>
</testsuite> <!-- keyWordTests.ReporterLogTest9 -->
