<?xml version="1.0" encoding="UTF-8"?>
<!-- Generated by org.testng.reporters.JUnitReportReporter -->
<testsuite hostname="DESKTOP-C1TU1OE" failures="0" tests="1" name="keyWordTests.ExpectedExceptionTest12" time="0.010" errors="0" timestamp="2023-06-02T20:25:36 IST" skipped="0">
  <testcase classname="keyWordTests.ExpectedExceptionTest12" name="loginTest" time="0.010"/>
  <system-out/>
</testsuite> <!-- keyWordTests.ExpectedExceptionTest12 -->
