<?xml version="1.0" encoding="UTF-8"?>
<!-- Generated by org.testng.reporters.JUnitReportReporter -->
<testsuite hostname="DESKTOP-C1TU1OE" failures="0" tests="4" name="annotationsTests.BeforeAndAfterTest3" time="0.021" errors="0" timestamp="2023-02-13T16:53:50 IST" skipped="0">
  <testcase classname="annotationsTests.BeforeAndAfterTest3" name="loginTest" time="0.009"/>
  <system-out/>
  <testcase classname="annotationsTests.BeforeAndAfterTest3" name="regTest" time="0.003"/>
  <system-out/>
  <testcase classname="annotationsTests.BeforeAndAfterTest3" name="bookingTest" time="0.004"/>
  <system-out/>
  <testcase classname="annotationsTests.BeforeAndAfterTest3" name="cancelTest" time="0.005"/>
  <system-out/>
</testsuite> <!-- annotationsTests.BeforeAndAfterTest3 -->
