<?xml version="1.0" encoding="UTF-8"?>
<!-- Generated by org.testng.reporters.JUnitReportReporter -->
<testsuite hostname="DESKTOP-E90TV01" failures="0" tests="6" name="parametrizationTests.MultipleTestMultipleDataProvider2" time="0.022" errors="0" timestamp="2023-01-24T15:19:43 IST" skipped="0">
  <testcase classname="parametrizationTests.MultipleTestMultipleDataProvider2" name="loginTest" time="0.002"/>
  <system-out/>
  <testcase classname="parametrizationTests.MultipleTestMultipleDataProvider2" name="loginTest" time="0.008"/>
  <system-out/>
  <testcase classname="parametrizationTests.MultipleTestMultipleDataProvider2" name="loginTest" time="0.002"/>
  <system-out/>
  <testcase classname="parametrizationTests.MultipleTestMultipleDataProvider2" name="bookingTest" time="0.005"/>
  <system-out/>
  <testcase classname="parametrizationTests.MultipleTestMultipleDataProvider2" name="bookingTest" time="0.002"/>
  <system-out/>
  <testcase classname="parametrizationTests.MultipleTestMultipleDataProvider2" name="bookingTest" time="0.003"/>
  <system-out/>
</testsuite> <!-- parametrizationTests.MultipleTestMultipleDataProvider2 -->
