<?xml version="1.0" encoding="UTF-8"?>
<!-- Generated by org.testng.reporters.JUnitReportReporter -->
<testsuite hostname="DESKTOP-C1TU1OE" failures="0" tests="4" name="keyWordTests.EnableTest6" time="0.018" errors="0" timestamp="2023-06-02T18:51:27 IST" skipped="1">
  <testcase classname="keyWordTests.EnableTest6" name="loginTest" time="0.014"/>
  <system-out/>
  <testcase classname="keyWordTests.EnableTest6" name="bookingTest" time="0.001"/>
  <system-out/>
  <testcase classname="keyWordTests.EnableTest6" name="cancelTest" time="0.003"/>
  <system-out/>
  <testcase classname="keyWordTests.EnableTest6" name="regTest">
    <skipped/>
  </testcase> <!-- regTest -->
  <system-out/>
</testsuite> <!-- keyWordTests.EnableTest6 -->
