<?xml version="1.0" encoding="UTF-8"?>
<!-- Generated by org.testng.reporters.JUnitReportReporter -->
<testsuite hostname="DESKTOP-C1TU1OE" failures="0" tests="1" name="testNgTests.TestNgTest1" time="0.012" errors="0" timestamp="2023-06-01T20:04:28 IST" skipped="0">
  <testcase classname="testNgTests.TestNgTest1" name="login" time="0.012"/>
  <system-out/>
</testsuite> <!-- testNgTests.TestNgTest1 -->
