<?xml version="1.0" encoding="UTF-8"?>
<!-- Generated by org.testng.reporters.JUnitReportReporter -->
<testsuite hostname="DESKTOP-C1TU1OE" failures="0" tests="8" name="keyWordTests.InvocationCountTest10" time="0.026" errors="0" timestamp="2023-06-02T20:18:16 IST" skipped="0">
  <testcase classname="keyWordTests.InvocationCountTest10" name="loginTest" time="0.003"/>
  <system-out/>
  <testcase classname="keyWordTests.InvocationCountTest10" name="loginTest" time="0.002"/>
  <system-out/>
  <testcase classname="keyWordTests.InvocationCountTest10" name="loginTest" time="0.002"/>
  <system-out/>
  <testcase classname="keyWordTests.InvocationCountTest10" name="loginTest" time="0.011"/>
  <system-out/>
  <testcase classname="keyWordTests.InvocationCountTest10" name="loginTest" time="0.003"/>
  <system-out/>
  <testcase classname="keyWordTests.InvocationCountTest10" name="regTest" time="0.001"/>
  <system-out/>
  <testcase classname="keyWordTests.InvocationCountTest10" name="bookingTest" time="0.002"/>
  <system-out/>
  <testcase classname="keyWordTests.InvocationCountTest10" name="cancelTest" time="0.002"/>
  <system-out/>
</testsuite> <!-- keyWordTests.InvocationCountTest10 -->
