<?xml version="1.0" encoding="UTF-8"?>
<!-- Generated by org.testng.reporters.JUnitReportReporter -->
<testsuite hostname="DESKTOP-C1TU1OE" failures="0" tests="4" name="keyWordTests.ClassLevelPriorityTest4" time="0.022" errors="0" timestamp="2023-06-01T20:07:12 IST" skipped="0">
  <testcase classname="keyWordTests.ClassLevelPriorityTest4" name="loginTest" time="0.003"/>
  <system-out/>
  <testcase classname="keyWordTests.ClassLevelPriorityTest4" name="cancelTest" time="0.002"/>
  <system-out/>
  <testcase classname="keyWordTests.ClassLevelPriorityTest4" name="bookingTest" time="0.015"/>
  <system-out/>
  <testcase classname="keyWordTests.ClassLevelPriorityTest4" name="regTest" time="0.002"/>
  <system-out/>
</testsuite> <!-- keyWordTests.ClassLevelPriorityTest4 -->
