<?xml version="1.0" encoding="UTF-8"?>
<!-- Generated by org.testng.reporters.JUnitReportReporter -->
<testsuite hostname="DESKTOP-C1TU1OE" failures="0" tests="4" name="keyWordTests.DescriptionTest8" time="0.018" errors="0" timestamp="2023-06-02T18:54:35 IST" skipped="0">
  <testcase classname="keyWordTests.DescriptionTest8" name="loginTest" time="0.014"/>
  <system-out/>
  <testcase classname="keyWordTests.DescriptionTest8" name="regTest" time="0.001"/>
  <system-out/>
  <testcase classname="keyWordTests.DescriptionTest8" name="bookingTest" time="0.002"/>
  <system-out/>
  <testcase classname="keyWordTests.DescriptionTest8" name="cancelTest" time="0.001"/>
  <system-out/>
</testsuite> <!-- keyWordTests.DescriptionTest8 -->
